# JRE version: Java(TM) SE Runtime Environment (7.0_80-b15) (build 1.7.0_80-b15)
# Java VM: Java HotSpot(TM) 64-Bit Server VM (24.80-b11 mixed mode linux-amd64 compressed oops)
Heap
 PSYoungGen      total 216576K, used 7870K [0x00000007d6d00000, 0x00000007e5f00000, 0x0000000800000000)
  eden space 191488K, 0% used [0x00000007d6d00000,0x00000007d6d00000,0x00000007e2800000)
  from space 25088K, 31% used [0x00000007e2800000,0x00000007e2faf978,0x00000007e4080000)
  to   space 18944K, 0% used [0x00000007e4080000,0x00000007e4080000,0x00000007e5300000)
 ParOldGen       total 83968K, used 45682K [0x0000000784800000, 0x0000000789a00000, 0x00000007d6d00000)
  object space 83968K, 54% used [0x0000000784800000,0x000000078749c828,0x0000000789a00000)
 PSPermGen       total 24576K, used 24361K [0x000000077f600000, 0x0000000780e00000, 0x0000000784800000)
  object space 24576K, 99% used [0x000000077f600000,0x0000000780dca508,0x0000000780e00000)
GC Heap History (10 events):
Event: 4.456 GC heap after
Heap after GC invocations=6 (full 0):
 PSYoungGen      total 71168K, used 6528K [0x00000007d6d00000, 0x00000007dbb00000, 0x0000000800000000)
  eden space 64000K, 0% used [0x00000007d6d00000,0x00000007d6d00000,0x00000007dab80000)
  from space 7168K, 91% used [0x00000007db300000,0x00000007db960020,0x00000007dba00000)
  to   space 7680K, 0% used [0x00000007dab80000,0x00000007dab80000,0x00000007db300000)
 ParOldGen       total 83968K, used 3827K [0x0000000784800000, 0x0000000789a00000, 0x00000007d6d00000)
  object space 83968K, 4% used [0x0000000784800000,0x0000000784bbcd00,0x0000000789a00000)
 PSPermGen       total 21504K, used 12635K [0x000000077f600000, 0x0000000780b00000, 0x0000000784800000)
  object space 21504K, 58% used [0x000000077f600000,0x0000000780256e30,0x0000000780b00000)
}
Event: 5.428 GC heap before
{Heap before GC invocations=7 (full 0):
 PSYoungGen      total 71168K, used 70528K [0x00000007d6d00000, 0x00000007dbb00000, 0x0000000800000000)
  eden space 64000K, 100% used [0x00000007d6d00000,0x00000007dab80000,0x00000007dab80000)
  from space 7168K, 91% used [0x00000007db300000,0x00000007db960020,0x00000007dba00000)
  to   space 7680K, 0% used [0x00000007dab80000,0x00000007dab80000,0x00000007db300000)
 ParOldGen       total 83968K, used 3827K [0x0000000784800000, 0x0000000789a00000, 0x00000007d6d00000)
  object space 83968K, 4% used [0x0000000784800000,0x0000000784bbcd00,0x0000000789a00000)
 PSPermGen       total 21504K, used 13244K [0x000000077f600000, 0x0000000780b00000, 0x0000000784800000)
  object space 21504K, 61% used [0x000000077f600000,0x00000007802ef128,0x0000000780b00000)
Event: 5.441 GC heap after
Heap after GC invocations=7 (full 0):
 PSYoungGen      total 71680K, used 7192K [0x00000007d6d00000, 0x00000007dfa00000, 0x0000000800000000)
  eden space 64000K, 0% used [0x00000007d6d00000,0x00000007d6d00000,0x00000007dab80000)
  from space 7680K, 93% used [0x00000007dab80000,0x00000007db286070,0x00000007db300000)
  to   space 8192K, 0% used [0x00000007df200000,0x00000007df200000,0x00000007dfa00000)
 ParOldGen       total 83968K, used 6037K [0x0000000784800000, 0x0000000789a00000, 0x00000007d6d00000)
  object space 83968K, 7% used [0x0000000784800000,0x0000000784de5580,0x0000000789a00000)
 PSPermGen       total 21504K, used 13244K [0x000000077f600000, 0x0000000780b00000, 0x0000000784800000)
  object space 21504K, 61% used [0x000000077f600000,0x00000007802ef128,0x0000000780b00000)
}
Event: 6.520 GC heap before
{Heap before GC invocations=8 (full 0):
 PSYoungGen      total 71680K, used 71192K [0x00000007d6d00000, 0x00000007dfa00000, 0x0000000800000000)
  eden space 64000K, 100% used [0x00000007d6d00000,0x00000007dab80000,0x00000007dab80000)
  from space 7680K, 93% used [0x00000007dab80000,0x00000007db286070,0x00000007db300000)
  to   space 8192K, 0% used [0x00000007df200000,0x00000007df200000,0x00000007dfa00000)
 ParOldGen       total 83968K, used 6037K [0x0000000784800000, 0x0000000789a00000, 0x00000007d6d00000)
  object space 83968K, 7% used [0x0000000784800000,0x0000000784de5580,0x0000000789a00000)
 PSPermGen       total 21504K, used 16977K [0x000000077f600000, 0x0000000780b00000, 0x0000000784800000)
  object space 21504K, 78% used [0x000000077f600000,0x00000007806946a0,0x0000000780b00000)
Event: 6.547 GC heap after
Heap after GC invocations=8 (full 0):
 PSYoungGen      total 131584K, used 8179K [0x00000007d6d00000, 0x00000007e0300000, 0x0000000800000000)
  eden space 123392K, 0% used [0x00000007d6d00000,0x00000007d6d00000,0x00000007de580000)
  from space 8192K, 99% used [0x00000007df200000,0x00000007df9fcf80,0x00000007dfa00000)
  to   space 12800K, 0% used [0x00000007de580000,0x00000007de580000,0x00000007df200000)
 ParOldGen       total 83968K, used 15483K [0x0000000784800000, 0x0000000789a00000, 0x00000007d6d00000)
  object space 83968K, 18% used [0x0000000784800000,0x000000078571ecd8,0x0000000789a00000)
 PSPermGen       total 21504K, used 16977K [0x000000077f600000, 0x0000000780b00000, 0x0000000784800000)
  object space 21504K, 78% used [0x000000077f600000,0x00000007806946a0,0x0000000780b00000)
}
Event: 8.358 GC heap before
{Heap before GC invocations=9 (full 0):
 PSYoungGen      total 131584K, used 131571K [0x00000007d6d00000, 0x00000007e0300000, 0x0000000800000000)
  eden space 123392K, 100% used [0x00000007d6d00000,0x00000007de580000,0x00000007de580000)
  from space 8192K, 99% used [0x00000007df200000,0x00000007df9fcf80,0x00000007dfa00000)
  to   space 12800K, 0% used [0x00000007de580000,0x00000007de580000,0x00000007df200000)
 ParOldGen       total 83968K, used 15483K [0x0000000784800000, 0x0000000789a00000, 0x00000007d6d00000)
  object space 83968K, 18% used [0x0000000784800000,0x000000078571ecd8,0x0000000789a00000)
 PSPermGen       total 21504K, used 18537K [0x000000077f600000, 0x0000000780b00000, 0x0000000784800000)
  object space 21504K, 86% used [0x000000077f600000,0x000000078081a450,0x0000000780b00000)
Event: 8.401 GC heap after
Heap after GC invocations=9 (full 0):
 PSYoungGen      total 136192K, used 12781K [0x00000007d6d00000, 0x00000007e5300000, 0x0000000800000000)
  eden space 123392K, 0% used [0x00000007d6d00000,0x00000007d6d00000,0x00000007de580000)
  from space 12800K, 99% used [0x00000007de580000,0x00000007df1fb608,0x00000007df200000)
  to   space 18944K, 0% used [0x00000007e4080000,0x00000007e4080000,0x00000007e5300000)
 ParOldGen       total 83968K, used 26339K [0x0000000784800000, 0x0000000789a00000, 0x00000007d6d00000)
  object space 83968K, 31% used [0x0000000784800000,0x00000007861b8cf8,0x0000000789a00000)
 PSPermGen       total 21504K, used 18537K [0x000000077f600000, 0x0000000780b00000, 0x0000000784800000)
  object space 21504K, 86% used [0x000000077f600000,0x000000078081a450,0x0000000780b00000)
}
Event: 11.656 GC heap before
{Heap before GC invocations=10 (full 0):
 PSYoungGen      total 136192K, used 136173K [0x00000007d6d00000, 0x00000007e5300000, 0x0000000800000000)
  eden space 123392K, 100% used [0x00000007d6d00000,0x00000007de580000,0x00000007de580000)
  from space 12800K, 99% used [0x00000007de580000,0x00000007df1fb608,0x00000007df200000)
  to   space 18944K, 0% used [0x00000007e4080000,0x00000007e4080000,0x00000007e5300000)
 ParOldGen       total 83968K, used 26339K [0x0000000784800000, 0x0000000789a00000, 0x00000007d6d00000)
  object space 83968K, 31% used [0x0000000784800000,0x00000007861b8cf8,0x0000000789a00000)
 PSPermGen       total 21504K, used 21290K [0x000000077f600000, 0x0000000780b00000, 0x0000000784800000)
  object space 21504K, 99% used [0x000000077f600000,0x0000000780acab08,0x0000000780b00000)
Event: 11.688 GC heap after
Heap after GC invocations=10 (full 0):
 PSYoungGen      total 210432K, used 18937K [0x00000007d6d00000, 0x00000007e5f00000, 0x0000000800000000)
  eden space 191488K, 0% used [0x00000007d6d00000,0x00000007d6d00000,0x00000007e2800000)
  from space 18944K, 99% used [0x00000007e4080000,0x00000007e52fe428,0x00000007e5300000)
  to   space 25088K, 0% used [0x00000007e2800000,0x00000007e2800000,0x00000007e4080000)
 ParOldGen       total 83968K, used 35748K [0x0000000784800000, 0x0000000789a00000, 0x00000007d6d00000)
  object space 83968K, 42% used [0x0000000784800000,0x0000000786ae92c0,0x0000000789a00000)
 PSPermGen       total 21504K, used 21290K [0x000000077f600000, 0x0000000780b00000, 0x0000000784800000)
  object space 21504K, 99% used [0x000000077f600000,0x0000000780acab08,0x0000000780b00000)
}
Event: 13.234 GC heap before
{Heap before GC invocations=11 (full 0):
 PSYoungGen      total 210432K, used 210425K [0x00000007d6d00000, 0x00000007e5f00000, 0x0000000800000000)
  eden space 191488K, 100% used [0x00000007d6d00000,0x00000007e2800000,0x00000007e2800000)
  from space 18944K, 99% used [0x00000007e4080000,0x00000007e52fe428,0x00000007e5300000)
  to   space 25088K, 0% used [0x00000007e2800000,0x00000007e2800000,0x00000007e4080000)
 ParOldGen       total 83968K, used 35748K [0x0000000784800000, 0x0000000789a00000, 0x00000007d6d00000)
  object space 83968K, 42% used [0x0000000784800000,0x0000000786ae92c0,0x0000000789a00000)
 PSPermGen       total 24576K, used 24361K [0x000000077f600000, 0x0000000780e00000, 0x0000000784800000)
  object space 24576K, 99% used [0x000000077f600000,0x0000000780dca508,0x0000000780e00000)

